0 info it worked if it ends with ok
1 verbose cli [ '/usr/local/bin/node', '/usr/local/bin/npm', 'publish' ]
2 info using npm@3.10.10
3 info using node@v6.11.3
4 verbose publish [ '.' ]
5 silly cache add args [ '.', null ]
6 verbose cache add spec .
7 silly cache add parsed spec Result {
7 silly cache add   raw: '.',
7 silly cache add   scope: null,
7 silly cache add   escapedName: null,
7 silly cache add   name: null,
7 silly cache add   rawSpec: '.',
7 silly cache add   spec: '/Users/comic0/Dev/Ionic/FastApi/node_modules/fast-api',
7 silly cache add   type: 'directory' }
8 verbose addLocalDirectory /Users/comic0/.npm/fast-api/1.0.0/package.tgz not in flight; packing
9 verbose correctMkdir /Users/comic0/.npm correctMkdir not in flight; initializing
10 info lifecycle fast-api@1.0.0~prepublish: fast-api@1.0.0
11 silly lifecycle fast-api@1.0.0~prepublish: no script for prepublish, continuing
12 verbose tar pack [ '/Users/comic0/.npm/fast-api/1.0.0/package.tgz',
12 verbose tar pack   '/Users/comic0/Dev/Ionic/FastApi/node_modules/fast-api' ]
13 verbose tarball /Users/comic0/.npm/fast-api/1.0.0/package.tgz
14 verbose folder /Users/comic0/Dev/Ionic/FastApi/node_modules/fast-api
15 verbose addLocalTarball adding from inside cache /Users/comic0/.npm/fast-api/1.0.0/package.tgz
16 verbose correctMkdir /Users/comic0/.npm correctMkdir not in flight; initializing
17 silly cache afterAdd fast-api@1.0.0
18 verbose afterAdd /Users/comic0/.npm/fast-api/1.0.0/package/package.json not in flight; writing
19 verbose correctMkdir /Users/comic0/.npm correctMkdir not in flight; initializing
20 verbose afterAdd /Users/comic0/.npm/fast-api/1.0.0/package/package.json written
21 silly publish { name: 'fast-api',
21 silly publish   version: '1.0.0',
21 silly publish   description: 'Fast & Furious API Client',
21 silly publish   main: 'index.js',
21 silly publish   scripts: { test: 'echo "Error: no test specified" && exit 1' },
21 silly publish   repository:
21 silly publish    { type: 'git',
21 silly publish      url: 'git+https://github.com/comic0/fast-api.git' },
21 silly publish   author: { name: 'comic0' },
21 silly publish   license: 'ISC',
21 silly publish   bugs: { url: 'https://github.com/comic0/fast-api/issues' },
21 silly publish   homepage: 'https://github.com/comic0/fast-api#readme',
21 silly publish   gitHead: '5bd517a43e7c5954e5d43215d1cf591c43cc5d10',
21 silly publish   readme: 'ERROR: No README data found!',
21 silly publish   _id: 'fast-api@1.0.0',
21 silly publish   _shasum: 'f68686a464e2f92229fb132f0316a098ef763a6e',
21 silly publish   _from: '.' }
22 verbose getPublishConfig undefined
23 silly mapToRegistry name fast-api
24 silly mapToRegistry using default registry
25 silly mapToRegistry registry https://registry.npmjs.org/
26 silly mapToRegistry data Result {
26 silly mapToRegistry   raw: 'fast-api',
26 silly mapToRegistry   scope: null,
26 silly mapToRegistry   escapedName: 'fast-api',
26 silly mapToRegistry   name: 'fast-api',
26 silly mapToRegistry   rawSpec: '',
26 silly mapToRegistry   spec: 'latest',
26 silly mapToRegistry   type: 'tag' }
27 silly mapToRegistry uri https://registry.npmjs.org/fast-api
28 verbose publish registryBase https://registry.npmjs.org/
29 silly publish uploading /Users/comic0/.npm/fast-api/1.0.0/package.tgz
30 verbose request uri https://registry.npmjs.org/fast-api
31 verbose request sending authorization for write operation
32 info attempt registry request try #1 at 12:56:22 PM
33 verbose request using bearer token for auth
34 verbose request id bdb732be01c99316
35 http request PUT https://registry.npmjs.org/fast-api
36 http 403 https://registry.npmjs.org/fast-api
37 verbose headers { 'content-type': 'application/json',
37 verbose headers   'cache-control': 'max-age=300',
37 verbose headers   'content-length': '102',
37 verbose headers   'accept-ranges': 'bytes',
37 verbose headers   date: 'Thu, 21 Sep 2017 10:56:22 GMT',
37 verbose headers   via: '1.1 varnish',
37 verbose headers   connection: 'keep-alive',
37 verbose headers   'x-served-by': 'cache-lhr6321-LHR',
37 verbose headers   'x-cache': 'MISS',
37 verbose headers   'x-cache-hits': '0',
37 verbose headers   'x-timer': 'S1505991382.262296,VS0,VE652',
37 verbose headers   vary: 'Accept-Encoding, Accept' }
38 verbose request invalidating /Users/comic0/.npm/registry.npmjs.org/fast-api on PUT
39 error publish Failed PUT 403
40 verbose stack Error: You do not have permission to publish "fast-api". Are you logged in as the correct user? : fast-api
40 verbose stack     at makeError (/usr/local/lib/node_modules/npm/node_modules/npm-registry-client/lib/request.js:302:12)
40 verbose stack     at CachingRegistryClient.<anonymous> (/usr/local/lib/node_modules/npm/node_modules/npm-registry-client/lib/request.js:290:14)
40 verbose stack     at Request._callback (/usr/local/lib/node_modules/npm/node_modules/npm-registry-client/lib/request.js:210:14)
40 verbose stack     at Request.self.callback (/usr/local/lib/node_modules/npm/node_modules/request/request.js:187:22)
40 verbose stack     at emitTwo (events.js:106:13)
40 verbose stack     at Request.emit (events.js:191:7)
40 verbose stack     at Request.<anonymous> (/usr/local/lib/node_modules/npm/node_modules/request/request.js:1048:10)
40 verbose stack     at emitOne (events.js:96:13)
40 verbose stack     at Request.emit (events.js:188:7)
40 verbose stack     at IncomingMessage.<anonymous> (/usr/local/lib/node_modules/npm/node_modules/request/request.js:969:12)
41 verbose statusCode 403
42 verbose pkgid fast-api
43 verbose cwd /Users/comic0/Dev/Ionic/FastApi/node_modules/fast-api
44 error Darwin 16.7.0
45 error argv "/usr/local/bin/node" "/usr/local/bin/npm" "publish"
46 error node v6.11.3
47 error npm  v3.10.10
48 error code E403
49 error You do not have permission to publish "fast-api". Are you logged in as the correct user? : fast-api
50 error If you need help, you may report this error at:
50 error     <https://github.com/npm/npm/issues>
51 verbose exit [ 1, true ]
